2019-03-18 00:00:26  WARN - No messages received from 'tot-corp-orion-stockevent-storechanges-topic-mid/subscriptions/TOT-CORP-ORION-StockEvent-store-Subs-Topic-MID'. Pending receive request timed out. Returning null to the client. - txEpd= txRef= cmRef= nodeRef= usrTx= rhsRef= commerce= country= 
2019-03-18 00:01:26  WARN - No messages received from 'tot-corp-orion-stockevent-storechanges-topic-mid/subscriptions/TOT-CORP-ORION-StockEvent-store-Subs-Topic-MID'. Pending receive request timed out. Returning null to the client. - txEpd= txRef= cmRef= nodeRef= usrTx= rhsRef= commerce= country= 
2019-03-18 00:02:26  WARN - No messages received from 'tot-corp-orion-stockevent-storechanges-topic-mid/subscriptions/TOT-CORP-ORION-StockEvent-store-Subs-Topic-MID'. Pending receive request timed out. Returning null to the client. - txEpd= txRef= cmRef= nodeRef= usrTx= rhsRef= commerce= country= 
2019-03-18 00:03:26  WARN - No messages received from 'tot-corp-orion-stockevent-storechanges-topic-mid/subscriptions/TOT-CORP-ORION-StockEvent-store-Subs-Topic-MID'. Pending receive request timed out. Returning null to the client. - txEpd= txRef= cmRef= nodeRef= usrTx= rhsRef= commerce= country= 
2019-03-18 00:04:26  WARN - No messages received from 'tot-corp-orion-stockevent-storechanges-topic-mid/subscriptions/TOT-CORP-ORION-StockEvent-store-Subs-Topic-MID'. Pending receive request timed out. Returning null to the client. - txEpd= txRef= cmRef= nodeRef= usrTx= rhsRef= commerce= country= 
2019-03-18 00:05:26  WARN - No messages received from 'tot-corp-orion-stockevent-storechanges-topic-mid/subscriptions/TOT-CORP-ORION-StockEvent-store-Subs-Topic-MID'. Pending receive request timed out. Returning null to the client. - txEpd= txRef= cmRef= nodeRef= usrTx= rhsRef= commerce= country= 
2019-03-18 00:06:26  WARN - No messages received from 'tot-corp-orion-stockevent-storechanges-topic-mid/subscriptions/TOT-CORP-ORION-StockEvent-store-Subs-Topic-MID'. Pending receive request timed out. Returning null to the client. - txEpd= txRef= cmRef= nodeRef= usrTx= rhsRef= commerce= country= 
2019-03-18 00:07:26  WARN - No messages received from 'tot-corp-orion-stockevent-storechanges-topic-mid/subscriptions/TOT-CORP-ORION-StockEvent-store-Subs-Topic-MID'. Pending receive request timed out. Returning null to the client. - txEpd= txRef= cmRef= nodeRef= usrTx= rhsRef= commerce= country= 
2019-03-18 00:08:26  WARN - No messages received from 'tot-corp-orion-stockevent-storechanges-topic-mid/subscriptions/TOT-CORP-ORION-StockEvent-store-Subs-Topic-MID'. Pending receive request timed out. Returning null to the client. - txEpd= txRef= cmRef= nodeRef= usrTx= rhsRef= commerce= country= 
2019-03-18 00:09:26  WARN - No messages received from 'tot-corp-orion-stockevent-storechanges-topic-mid/subscriptions/TOT-CORP-ORION-StockEvent-store-Subs-Topic-MID'. Pending receive request timed out. Returning null to the client. - txEpd= txRef= cmRef= nodeRef= usrTx= rhsRef= commerce= country= 
2019-03-18 00:10:26  WARN - No messages received from 'tot-corp-orion-stockevent-storechanges-topic-mid/subscriptions/TOT-CORP-ORION-StockEvent-store-Subs-Topic-MID'. Pending receive request timed out. Returning null to the client. - txEpd= txRef= cmRef= nodeRef= usrTx= rhsRef= commerce= country= 
2019-03-18 00:11:26  WARN - No messages received from 'tot-corp-orion-stockevent-storechanges-topic-mid/subscriptions/TOT-CORP-ORION-StockEvent-store-Subs-Topic-MID'. Pending receive request timed out. Returning null to the client. - txEpd= txRef= cmRef= nodeRef= usrTx= rhsRef= commerce= country= 
2019-03-18 00:12:26  WARN - No messages received from 'tot-corp-orion-stockevent-storechanges-topic-mid/subscriptions/TOT-CORP-ORION-StockEvent-store-Subs-Topic-MID'. Pending receive request timed out. Returning null to the client. - txEpd= txRef= cmRef= nodeRef= usrTx= rhsRef= commerce= country= 
2019-03-18 00:13:26  WARN - No messages received from 'tot-corp-orion-stockevent-storechanges-topic-mid/subscriptions/TOT-CORP-ORION-StockEvent-store-Subs-Topic-MID'. Pending receive request timed out. Returning null to the client. - txEpd= txRef= cmRef= nodeRef= usrTx= rhsRef= commerce= country= 
2019-03-18 00:14:26  WARN - No messages received from 'tot-corp-orion-stockevent-storechanges-topic-mid/subscriptions/TOT-CORP-ORION-StockEvent-store-Subs-Topic-MID'. Pending receive request timed out. Returning null to the client. - txEpd= txRef= cmRef= nodeRef= usrTx= rhsRef= commerce= country= 
2019-03-18 00:15:26  WARN - No messages received from 'tot-corp-orion-stockevent-storechanges-topic-mid/subscriptions/TOT-CORP-ORION-StockEvent-store-Subs-Topic-MID'. Pending receive request timed out. Returning null to the client. - txEpd= txRef= cmRef= nodeRef= usrTx= rhsRef= commerce= country= 
2019-03-18 00:16:26  WARN - No messages received from 'tot-corp-orion-stockevent-storechanges-topic-mid/subscriptions/TOT-CORP-ORION-StockEvent-store-Subs-Topic-MID'. Pending receive request timed out. Returning null to the client. - txEpd= txRef= cmRef= nodeRef= usrTx= rhsRef= commerce= country= 
2019-03-18 00:17:26  WARN - No messages received from 'tot-corp-orion-stockevent-storechanges-topic-mid/subscriptions/TOT-CORP-ORION-StockEvent-store-Subs-Topic-MID'. Pending receive request timed out. Returning null to the client. - txEpd= txRef= cmRef= nodeRef= usrTx= rhsRef= commerce= country= 
2019-03-18 00:18:26  WARN - No messages received from 'tot-corp-orion-stockevent-storechanges-topic-mid/subscriptions/TOT-CORP-ORION-StockEvent-store-Subs-Topic-MID'. Pending receive request timed out. Returning null to the client. - txEpd= txRef= cmRef= nodeRef= usrTx= rhsRef= commerce= country= 
2019-03-18 00:19:26  WARN - No messages received from 'tot-corp-orion-stockevent-storechanges-topic-mid/subscriptions/TOT-CORP-ORION-StockEvent-store-Subs-Topic-MID'. Pending receive request timed out. Returning null to the client. - txEpd= txRef= cmRef= nodeRef= usrTx= rhsRef= commerce= country= 
2019-03-18 00:20:27  WARN - No messages received from 'tot-corp-orion-stockevent-storechanges-topic-mid/subscriptions/TOT-CORP-ORION-StockEvent-store-Subs-Topic-MID'. Pending receive request timed out. Returning null to the client. - txEpd= txRef= cmRef= nodeRef= usrTx= rhsRef= commerce= country= 
2019-03-18 00:21:27  WARN - No messages received from 'tot-corp-orion-stockevent-storechanges-topic-mid/subscriptions/TOT-CORP-ORION-StockEvent-store-Subs-Topic-MID'. Pending receive request timed out. Returning null to the client. - txEpd= txRef= cmRef= nodeRef= usrTx= rhsRef= commerce= country= 
2019-03-18 00:22:27  WARN - No messages received from 'tot-corp-orion-stockevent-storechanges-topic-mid/subscriptions/TOT-CORP-ORION-StockEvent-store-Subs-Topic-MID'. Pending receive request timed out. Returning null to the client. - txEpd= txRef= cmRef= nodeRef= usrTx= rhsRef= commerce= country= 
2019-03-18 00:23:27  WARN - No messages received from 'tot-corp-orion-stockevent-storechanges-topic-mid/subscriptions/TOT-CORP-ORION-StockEvent-store-Subs-Topic-MID'. Pending receive request timed out. Returning null to the client. - txEpd= txRef= cmRef= nodeRef= usrTx= rhsRef= commerce= country= 
2019-03-18 00:24:27  WARN - No messages received from 'tot-corp-orion-stockevent-storechanges-topic-mid/subscriptions/TOT-CORP-ORION-StockEvent-store-Subs-Topic-MID'. Pending receive request timed out. Returning null to the client. - txEpd= txRef= cmRef= nodeRef= usrTx= rhsRef= commerce= country= 
2019-03-18 00:25:27  WARN - No messages received from 'tot-corp-orion-stockevent-storechanges-topic-mid/subscriptions/TOT-CORP-ORION-StockEvent-store-Subs-Topic-MID'. Pending receive request timed out. Returning null to the client. - txEpd= txRef= cmRef= nodeRef= usrTx= rhsRef= commerce= country= 
2019-03-18 00:26:27  WARN - No messages received from 'tot-corp-orion-stockevent-storechanges-topic-mid/subscriptions/TOT-CORP-ORION-StockEvent-store-Subs-Topic-MID'. Pending receive request timed out. Returning null to the client. - txEpd= txRef= cmRef= nodeRef= usrTx= rhsRef= commerce= country= 
2019-03-18 00:27:27  WARN - No messages received from 'tot-corp-orion-stockevent-storechanges-topic-mid/subscriptions/TOT-CORP-ORION-StockEvent-store-Subs-Topic-MID'. Pending receive request timed out. Returning null to the client. - txEpd= txRef= cmRef= nodeRef= usrTx= rhsRef= commerce= country= 
2019-03-18 00:28:27  WARN - No messages received from 'tot-corp-orion-stockevent-storechanges-topic-mid/subscriptions/TOT-CORP-ORION-StockEvent-store-Subs-Topic-MID'. Pending receive request timed out. Returning null to the client. - txEpd= txRef= cmRef= nodeRef= usrTx= rhsRef= commerce= country= 
2019-03-18 00:29:27  WARN - No messages received from 'tot-corp-orion-stockevent-storechanges-topic-mid/subscriptions/TOT-CORP-ORION-StockEvent-store-Subs-Topic-MID'. Pending receive request timed out. Returning null to the client. - txEpd= txRef= cmRef= nodeRef= usrTx= rhsRef= commerce= country= 
2019-03-18 00:30:27  WARN - No messages received from 'tot-corp-orion-stockevent-storechanges-topic-mid/subscriptions/TOT-CORP-ORION-StockEvent-store-Subs-Topic-MID'. Pending receive request timed out. Returning null to the client. - txEpd= txRef= cmRef= nodeRef= usrTx= rhsRef= commerce= country= 
2019-03-18 00:31:27  WARN - No messages received from 'tot-corp-orion-stockevent-storechanges-topic-mid/subscriptions/TOT-CORP-ORION-StockEvent-store-Subs-Topic-MID'. Pending receive request timed out. Returning null to the client. - txEpd= txRef= cmRef= nodeRef= usrTx= rhsRef= commerce= country= 
2019-03-18 00:32:27  WARN - No messages received from 'tot-corp-orion-stockevent-storechanges-topic-mid/subscriptions/TOT-CORP-ORION-StockEvent-store-Subs-Topic-MID'. Pending receive request timed out. Returning null to the client. - txEpd= txRef= cmRef= nodeRef= usrTx= rhsRef= commerce= country= 
2019-03-18 00:33:27  WARN - No messages received from 'tot-corp-orion-stockevent-storechanges-topic-mid/subscriptions/TOT-CORP-ORION-StockEvent-store-Subs-Topic-MID'. Pending receive request timed out. Returning null to the client. - txEpd= txRef= cmRef= nodeRef= usrTx= rhsRef= commerce= country= 
2019-03-18 00:34:27  WARN - No messages received from 'tot-corp-orion-stockevent-storechanges-topic-mid/subscriptions/TOT-CORP-ORION-StockEvent-store-Subs-Topic-MID'. Pending receive request timed out. Returning null to the client. - txEpd= txRef= cmRef= nodeRef= usrTx= rhsRef= commerce= country= 
2019-03-18 00:35:27  WARN - No messages received from 'tot-corp-orion-stockevent-storechanges-topic-mid/subscriptions/TOT-CORP-ORION-StockEvent-store-Subs-Topic-MID'. Pending receive request timed out. Returning null to the client. - txEpd= txRef= cmRef= nodeRef= usrTx= rhsRef= commerce= country= 
2019-03-18 10:24:15  INFO - Starting StockEventStoreApplication on MOEXT_LAVER with PID 27388 (C:\addesa\API\Peru\Tottus\Orion\Desarrollo\stock\eventstore\stock-event-store\bin\main started by ext_lavergarav in C:\addesa\API\Peru\Tottus\Orion\Desarrollo\stock\eventstore\stock-event-store) - txEpd= txRef= cmRef= nodeRef= usrTx= rhsRef= commerce= country= 
2019-03-18 10:24:15  INFO - No active profile set, falling back to default profiles: default - txEpd= txRef= cmRef= nodeRef= usrTx= rhsRef= commerce= country= 
2019-03-18 10:24:17  INFO - Bootstrapping Spring Data repositories in DEFAULT mode. - txEpd= txRef= cmRef= nodeRef= usrTx= rhsRef= commerce= country= 
2019-03-18 10:24:17  INFO - Finished Spring Data repository scanning in 74ms. Found 1 repository interfaces. - txEpd= txRef= cmRef= nodeRef= usrTx= rhsRef= commerce= country= 
2019-03-18 10:24:18  INFO - Bean 'org.springframework.hateoas.config.HateoasConfiguration' of type [org.springframework.hateoas.config.HateoasConfiguration$$EnhancerBySpringCGLIB$$745bcf19] is not eligible for getting processed by all BeanPostProcessors (for example: not eligible for auto-proxying) - txEpd= txRef= cmRef= nodeRef= usrTx= rhsRef= commerce= country= 
2019-03-18 10:24:19  INFO - Tomcat initialized with port(s): 8083 (http) - txEpd= txRef= cmRef= nodeRef= usrTx= rhsRef= commerce= country= 
2019-03-18 10:24:19  INFO - Initializing ProtocolHandler ["http-nio-8083"] - txEpd= txRef= cmRef= nodeRef= usrTx= rhsRef= commerce= country= 
2019-03-18 10:24:19  INFO - Starting service [Tomcat] - txEpd= txRef= cmRef= nodeRef= usrTx= rhsRef= commerce= country= 
2019-03-18 10:24:19  INFO - Starting Servlet engine: [Apache Tomcat/9.0.14] - txEpd= txRef= cmRef= nodeRef= usrTx= rhsRef= commerce= country= 
2019-03-18 10:24:19  INFO - The APR based Apache Tomcat Native library which allows optimal performance in production environments was not found on the java.library.path: [C:\environments\oracle\java\8\jdk\bin;C:\WINDOWS\Sun\Java\bin;C:\WINDOWS\system32;C:\WINDOWS;C:/Program Files (x86)/Java/jre1.8.0_201/bin/client;C:/Program Files (x86)/Java/jre1.8.0_201/bin;C:/Program Files (x86)/Java/jre1.8.0_201/lib/i386;C:\Program Files\Docker\Docker\Resources\bin;C:\Program Files (x86)\Microsoft SDKs\Azure\CLI2\wbin;C:\Program Files (x86)\Common Files\Oracle\Java\javapath;C:\environments\oracle\db\10g\app\oracle\product\10.2.0\server\bin;C:\app\ext_lavergarav\product\12.1.0\dbhome_1\bin;C:\environments\oracle\db\12.1.0\dbhome_1\bin;C:\sybase\Shared\Sybase Central 4.3;C:\sybase\OCS-12_5\lib3p;C:\sybase\OCS-12_5\dll;C:\sybase\OCS-12_5\bin;C:\ProgramData\Oracle\Java\javapath;C:\Program Files (x86)\Intel\iCLS Client\;C:\Program Files\Intel\iCLS Client\;C:\Program Files\Common Files\Microsoft Shared\Microsoft Online Services;C:\Program Files (x86)\Common Files\Microsoft Shared\Microsoft Online Services;C:\WINDOWS\system32;C:\WINDOWS;C:\WINDOWS\System32\Wbem;C:\WINDOWS\System32\WindowsPowerShell\v1.0\;C:\Program Files\Intel\Intel(R) Management Engine Components\DAL;C:\Program Files\Intel\Intel(R) Management Engine Components\IPT;C:\Program Files (x86)\Intel\Intel(R) Management Engine Components\DAL;C:\Program Files (x86)\Intel\Intel(R) Management Engine Components\IPT;C:\Program Files\Intel\WiFi\bin\;C:\Program Files\Common Files\Intel\WirelessCommon\;C:\Program Files (x86)\Lenovo\Access Connections\;C:\Program Files\Lenovo\Fingerprint Manager Pro\;C:\Program Files\TortoiseSVN\bin;C:\Program Files (x86)\SDL International\SDLX;C:\Program Files\MATLAB\R2016b\bin;C:\WINDOWS\system32\config\systemprofile\.dnx\bin;C:\Program Files\Microsoft DNX\Dnvm\;C:\Program Files\Microsoft SQL Server\130\Tools\Binn\;C:\Program Files (x86)\PuTTY\;C:\Program Files\Java\jdk1.8.0_192\bin;C:\Users\ext_lavergarav\.azure-kubectl;C:\Program Files\Git\cmd;C:\Program Files (x86)\Nmap;C:\Program Files\Docker Toolbox;C:\Users\ext_lavergarav\Desktop\sts-bundle\sts-3.9.3.RELEASE;;.] - txEpd= txRef= cmRef= nodeRef= usrTx= rhsRef= commerce= country= 
2019-03-18 10:24:20  INFO - Initializing Spring embedded WebApplicationContext - txEpd= txRef= cmRef= nodeRef= usrTx= rhsRef= commerce= country= 
2019-03-18 10:24:20  INFO - Root WebApplicationContext: initialization completed in 4749 ms - txEpd= txRef= cmRef= nodeRef= usrTx= rhsRef= commerce= country= 
2019-03-18 10:24:38  INFO - Initializing DocumentClient with serviceEndpoint [https://tot-sche-invm-stock.documents.azure.com:443/], ConnectionPolicy [ConnectionPolicy [requestTimeout=60, mediaRequestTimeout=300, connectionMode=Gateway, mediaReadMode=Buffered, maxPoolSize=400, idleConnectionTimeout=60, userAgentSuffix=;spring-data/2.1.0;f463404a5ff4cc47457ff6b1f64d28d4b5b2d1246c850571412bb6465d8f0556;, retryOptions=com.microsoft.azure.documentdb.RetryOptions@adbb07, enableEndpointDiscovery=true, preferredLocations=null]], ConsistencyLevel [Session] - txEpd= txRef= cmRef= nodeRef= usrTx= rhsRef= commerce= country= 
2019-03-18 10:24:40  WARN - 'Windows 10' with 'x86' system is not compatible with native library. JNI not loaded. - txEpd= txRef= cmRef= nodeRef= usrTx= rhsRef= commerce= country= 
2019-03-18 10:24:44  INFO - Creating MessagingFactory to namespace 'sb://tot-corp-orion-int-qa.servicebus.windows.net/' - txEpd= txRef= cmRef= nodeRef= usrTx= rhsRef= commerce= country= 
2019-03-18 10:24:44  INFO - Creating messaging factory from namespace endpoint uri 'sb://tot-corp-orion-int-qa.servicebus.windows.net/' - txEpd= txRef= cmRef= nodeRef= usrTx= rhsRef= commerce= country= 
2019-03-18 10:24:44  INFO - Creating and starting reactor - txEpd= txRef= cmRef= nodeRef= usrTx= rhsRef= commerce= country= 
2019-03-18 10:24:44  INFO - starting reactor instance. - txEpd= txRef= cmRef= nodeRef= usrTx= rhsRef= commerce= country= 
2019-03-18 10:24:44  INFO - Started reactor - txEpd= txRef= cmRef= nodeRef= usrTx= rhsRef= commerce= country= 
2019-03-18 10:24:44  INFO - Creating connection to host 'tot-corp-orion-int-qa.servicebus.windows.net:5671' - txEpd= txRef= cmRef= nodeRef= usrTx= rhsRef= commerce= country= 
2019-03-18 10:24:45  INFO - MessagingFactory opened. - txEpd= txRef= cmRef= nodeRef= usrTx= rhsRef= commerce= country= 
2019-03-18 10:24:45  INFO - Connection opened to host. - txEpd= txRef= cmRef= nodeRef= usrTx= rhsRef= commerce= country= 
2019-03-18 10:24:45  INFO - Created MessagingFactory to namespace 'sb://tot-corp-orion-int-qa.servicebus.windows.net/' - txEpd= txRef= cmRef= nodeRef= usrTx= rhsRef= commerce= country= 
2019-03-18 10:24:45  INFO - Creating CBS link to $cbs - txEpd= txRef= cmRef= nodeRef= usrTx= rhsRef= commerce= country= 
2019-03-18 10:24:45  INFO - Creating MessageSender to entity 'tot-corp-orion-stockchanges-topic-mid' - txEpd= txRef= cmRef= nodeRef= usrTx= rhsRef= commerce= country= 
2019-03-18 10:24:46  INFO - Creating core message sender to 'tot-corp-orion-stockchanges-topic-mid' - txEpd= txRef= cmRef= nodeRef= usrTx= rhsRef= commerce= country= 
2019-03-18 10:24:46  INFO - Opened requestresponselink to $cbs - txEpd= txRef= cmRef= nodeRef= usrTx= rhsRef= commerce= country= 
2019-03-18 10:24:46  INFO - Created CBS link to $cbs - txEpd= txRef= cmRef= nodeRef= usrTx= rhsRef= commerce= country= 
2019-03-18 10:24:46  INFO - Creating send link to 'tot-corp-orion-stockchanges-topic-mid' - txEpd= txRef= cmRef= nodeRef= usrTx= rhsRef= commerce= country= 
2019-03-18 10:24:46  INFO - Opened send link to 'tot-corp-orion-stockchanges-topic-mid' - txEpd= txRef= cmRef= nodeRef= usrTx= rhsRef= commerce= country= 
2019-03-18 10:24:46  INFO - Created MessageSender to entity 'tot-corp-orion-stockchanges-topic-mid' - txEpd= txRef= cmRef= nodeRef= usrTx= rhsRef= commerce= country= 
2019-03-18 10:24:46  INFO - Created topic client to connection string 'Endpoint=sb://tot-corp-orion-int-qa.servicebus.windows.net/;EntityPath=tot-corp-orion-stockchanges-topic-mid;' - txEpd= txRef= cmRef= nodeRef= usrTx= rhsRef= commerce= country= 
2019-03-18 10:24:47  INFO - Creating messaging factory from connection string 'Endpoint=sb://tot-corp-orion-int-qa.servicebus.windows.net/;EntityPath=tot-corp-orion-stockevent-storechanges-topic-mid/subscriptions/TOT-CORP-ORION-StockEvent-store-Subs-Topic-MID;' - txEpd= txRef= cmRef= nodeRef= usrTx= rhsRef= commerce= country= 
2019-03-18 10:24:47  INFO - Creating messaging factory from namespace endpoint uri 'sb://tot-corp-orion-int-qa.servicebus.windows.net/' - txEpd= txRef= cmRef= nodeRef= usrTx= rhsRef= commerce= country= 
2019-03-18 10:24:47  INFO - Creating and starting reactor - txEpd= txRef= cmRef= nodeRef= usrTx= rhsRef= commerce= country= 
2019-03-18 10:24:47  INFO - starting reactor instance. - txEpd= txRef= cmRef= nodeRef= usrTx= rhsRef= commerce= country= 
2019-03-18 10:24:47  INFO - Started reactor - txEpd= txRef= cmRef= nodeRef= usrTx= rhsRef= commerce= country= 
2019-03-18 10:24:47  INFO - Creating connection to host 'tot-corp-orion-int-qa.servicebus.windows.net:5671' - txEpd= txRef= cmRef= nodeRef= usrTx= rhsRef= commerce= country= 
2019-03-18 10:24:48  INFO - MessagingFactory opened. - txEpd= txRef= cmRef= nodeRef= usrTx= rhsRef= commerce= country= 
2019-03-18 10:24:48  INFO - Connection opened to host. - txEpd= txRef= cmRef= nodeRef= usrTx= rhsRef= commerce= country= 
2019-03-18 10:24:48  INFO - Creating CBS link to $cbs - txEpd= txRef= cmRef= nodeRef= usrTx= rhsRef= commerce= country= 
2019-03-18 10:24:48  INFO - Created subscription client to connection string 'Endpoint=sb://tot-corp-orion-int-qa.servicebus.windows.net/;EntityPath=tot-corp-orion-stockevent-storechanges-topic-mid/subscriptions/TOT-CORP-ORION-StockEvent-store-Subs-Topic-MID;' - txEpd= txRef= cmRef= nodeRef= usrTx= rhsRef= commerce= country= 
2019-03-18 10:24:48  INFO - Registering message handler on entity 'tot-corp-orion-stockevent-storechanges-topic-mid/subscriptions/TOT-CORP-ORION-StockEvent-store-Subs-Topic-MID' with 'MessageHandlerOptions - AutoComplete:true, MaxConcurrentCalls:1, MaxAutoRenewDuration:PT5M' - txEpd= txRef= cmRef= nodeRef= usrTx= rhsRef= commerce= country= 
2019-03-18 10:24:48  INFO - Creating MessageReceiver to entity 'tot-corp-orion-stockevent-storechanges-topic-mid/subscriptions/TOT-CORP-ORION-StockEvent-store-Subs-Topic-MID', ReceiveMode 'PEEKLOCK' - txEpd= txRef= cmRef= nodeRef= usrTx= rhsRef= commerce= country= 
2019-03-18 10:24:48  INFO - Creating core message receiver to 'tot-corp-orion-stockevent-storechanges-topic-mid/subscriptions/TOT-CORP-ORION-StockEvent-store-Subs-Topic-MID' - txEpd= txRef= cmRef= nodeRef= usrTx= rhsRef= commerce= country= 
2019-03-18 10:24:48  INFO - Opened requestresponselink to $cbs - txEpd= txRef= cmRef= nodeRef= usrTx= rhsRef= commerce= country= 
2019-03-18 10:24:48  INFO - Created CBS link to $cbs - txEpd= txRef= cmRef= nodeRef= usrTx= rhsRef= commerce= country= 
2019-03-18 10:24:48  INFO - Creating receive link to 'tot-corp-orion-stockevent-storechanges-topic-mid/subscriptions/TOT-CORP-ORION-StockEvent-store-Subs-Topic-MID' - txEpd= txRef= cmRef= nodeRef= usrTx= rhsRef= commerce= country= 
2019-03-18 10:24:49  INFO - Receive link to 'tot-corp-orion-stockevent-storechanges-topic-mid/subscriptions/TOT-CORP-ORION-StockEvent-store-Subs-Topic-MID' opened. - txEpd= txRef= cmRef= nodeRef= usrTx= rhsRef= commerce= country= 
2019-03-18 10:24:49  INFO - Created MessageReceiver to entity 'tot-corp-orion-stockevent-storechanges-topic-mid/subscriptions/TOT-CORP-ORION-StockEvent-store-Subs-Topic-MID' - txEpd= txRef= cmRef= nodeRef= usrTx= rhsRef= commerce= country= 
2019-03-18 10:24:49  INFO - Created MessageBrowser to entity 'tot-corp-orion-stockevent-storechanges-topic-mid/subscriptions/TOT-CORP-ORION-StockEvent-store-Subs-Topic-MID' - txEpd= txRef= cmRef= nodeRef= usrTx= rhsRef= commerce= country= 
2019-03-18 10:24:49  INFO - Created MessageReceiver to entity 'tot-corp-orion-stockevent-storechanges-topic-mid/subscriptions/TOT-CORP-ORION-StockEvent-store-Subs-Topic-MID' - txEpd= txRef= cmRef= nodeRef= usrTx= rhsRef= commerce= country= 
2019-03-18 10:24:50  INFO - Initializing DocumentClient with serviceEndpoint [https://tot-sche-invm-stock.documents.azure.com:443/], ConnectionPolicy [ConnectionPolicy [requestTimeout=60, mediaRequestTimeout=300, connectionMode=Gateway, mediaReadMode=Buffered, maxPoolSize=400, idleConnectionTimeout=60, userAgentSuffix=;spring-data/2.1.0;f463404a5ff4cc47457ff6b1f64d28d4b5b2d1246c850571412bb6465d8f0556;, retryOptions=com.microsoft.azure.documentdb.RetryOptions@adbb07, enableEndpointDiscovery=true, preferredLocations=null]], ConsistencyLevel [Session] - txEpd= txRef= cmRef= nodeRef= usrTx= rhsRef= commerce= country= 
2019-03-18 10:24:52  INFO - Initializing ExecutorService 'applicationTaskExecutor' - txEpd= txRef= cmRef= nodeRef= usrTx= rhsRef= commerce= country= 
2019-03-18 10:24:53  INFO - Exposing 2 endpoint(s) beneath base path '/actuator' - txEpd= txRef= cmRef= nodeRef= usrTx= rhsRef= commerce= country= 
2019-03-18 10:24:53  INFO - Starting ProtocolHandler ["http-nio-8083"] - txEpd= txRef= cmRef= nodeRef= usrTx= rhsRef= commerce= country= 
2019-03-18 10:24:53  INFO - Tomcat started on port(s): 8083 (http) with context path '' - txEpd= txRef= cmRef= nodeRef= usrTx= rhsRef= commerce= country= 
2019-03-18 10:24:53  INFO - Started StockEventStoreApplication in 39.954 seconds (JVM running for 44.706) - txEpd= txRef= cmRef= nodeRef= usrTx= rhsRef= commerce= country= 
2019-03-18 10:25:49  WARN - No messages received from 'tot-corp-orion-stockevent-storechanges-topic-mid/subscriptions/TOT-CORP-ORION-StockEvent-store-Subs-Topic-MID'. Pending receive request timed out. Returning null to the client. - txEpd= txRef= cmRef= nodeRef= usrTx= rhsRef= commerce= country= 
2019-03-18 10:26:31  INFO - Initializing Spring DispatcherServlet 'dispatcherServlet' - txEpd= txRef= cmRef= nodeRef= usrTx= rhsRef= commerce= country= 
2019-03-18 10:26:31  INFO - Initializing Servlet 'dispatcherServlet' - txEpd= txRef= cmRef= nodeRef= usrTx= rhsRef= commerce= country= 
2019-03-18 10:26:31  INFO - Completed initialization in 29 ms - txEpd= txRef= cmRef= nodeRef= usrTx= rhsRef= commerce= country= 
2019-03-18 10:26:49  WARN - No messages received from 'tot-corp-orion-stockevent-storechanges-topic-mid/subscriptions/TOT-CORP-ORION-StockEvent-store-Subs-Topic-MID'. Pending receive request timed out. Returning null to the client. - txEpd= txRef= cmRef= nodeRef= usrTx= rhsRef= commerce= country= 
2019-03-18 10:27:49  WARN - No messages received from 'tot-corp-orion-stockevent-storechanges-topic-mid/subscriptions/TOT-CORP-ORION-StockEvent-store-Subs-Topic-MID'. Pending receive request timed out. Returning null to the client. - txEpd= txRef= cmRef= nodeRef= usrTx= rhsRef= commerce= country= 
2019-03-18 10:28:49  WARN - No messages received from 'tot-corp-orion-stockevent-storechanges-topic-mid/subscriptions/TOT-CORP-ORION-StockEvent-store-Subs-Topic-MID'. Pending receive request timed out. Returning null to the client. - txEpd= txRef= cmRef= nodeRef= usrTx= rhsRef= commerce= country= 
2019-03-18 10:29:49  WARN - No messages received from 'tot-corp-orion-stockevent-storechanges-topic-mid/subscriptions/TOT-CORP-ORION-StockEvent-store-Subs-Topic-MID'. Pending receive request timed out. Returning null to the client. - txEpd= txRef= cmRef= nodeRef= usrTx= rhsRef= commerce= country= 
2019-03-18 10:30:49  WARN - No messages received from 'tot-corp-orion-stockevent-storechanges-topic-mid/subscriptions/TOT-CORP-ORION-StockEvent-store-Subs-Topic-MID'. Pending receive request timed out. Returning null to the client. - txEpd= txRef= cmRef= nodeRef= usrTx= rhsRef= commerce= country= 
2019-03-18 10:31:49  WARN - No messages received from 'tot-corp-orion-stockevent-storechanges-topic-mid/subscriptions/TOT-CORP-ORION-StockEvent-store-Subs-Topic-MID'. Pending receive request timed out. Returning null to the client. - txEpd= txRef= cmRef= nodeRef= usrTx= rhsRef= commerce= country= 
2019-03-18 10:32:49  WARN - No messages received from 'tot-corp-orion-stockevent-storechanges-topic-mid/subscriptions/TOT-CORP-ORION-StockEvent-store-Subs-Topic-MID'. Pending receive request timed out. Returning null to the client. - txEpd= txRef= cmRef= nodeRef= usrTx= rhsRef= commerce= country= 
2019-03-18 10:33:49  WARN - No messages received from 'tot-corp-orion-stockevent-storechanges-topic-mid/subscriptions/TOT-CORP-ORION-StockEvent-store-Subs-Topic-MID'. Pending receive request timed out. Returning null to the client. - txEpd= txRef= cmRef= nodeRef= usrTx= rhsRef= commerce= country= 
2019-03-18 10:34:46  WARN - Send link to 'tot-corp-orion-stockchanges-topic-mid' closed. Failing all pending send requests. - txEpd= txRef= cmRef= nodeRef= usrTx= rhsRef= commerce= country= 
2019-03-18 10:34:49  WARN - No messages received from 'tot-corp-orion-stockevent-storechanges-topic-mid/subscriptions/TOT-CORP-ORION-StockEvent-store-Subs-Topic-MID'. Pending receive request timed out. Returning null to the client. - txEpd= txRef= cmRef= nodeRef= usrTx= rhsRef= commerce= country= 
2019-03-18 10:35:49  WARN - No messages received from 'tot-corp-orion-stockevent-storechanges-topic-mid/subscriptions/TOT-CORP-ORION-StockEvent-store-Subs-Topic-MID'. Pending receive request timed out. Returning null to the client. - txEpd= txRef= cmRef= nodeRef= usrTx= rhsRef= commerce= country= 
2019-03-18 10:36:49  WARN - No messages received from 'tot-corp-orion-stockevent-storechanges-topic-mid/subscriptions/TOT-CORP-ORION-StockEvent-store-Subs-Topic-MID'. Pending receive request timed out. Returning null to the client. - txEpd= txRef= cmRef= nodeRef= usrTx= rhsRef= commerce= country= 
2019-03-18 10:37:49  WARN - No messages received from 'tot-corp-orion-stockevent-storechanges-topic-mid/subscriptions/TOT-CORP-ORION-StockEvent-store-Subs-Topic-MID'. Pending receive request timed out. Returning null to the client. - txEpd= txRef= cmRef= nodeRef= usrTx= rhsRef= commerce= country= 
2019-03-18 10:38:49  WARN - No messages received from 'tot-corp-orion-stockevent-storechanges-topic-mid/subscriptions/TOT-CORP-ORION-StockEvent-store-Subs-Topic-MID'. Pending receive request timed out. Returning null to the client. - txEpd= txRef= cmRef= nodeRef= usrTx= rhsRef= commerce= country= 
2019-03-18 10:39:46  WARN - Internal send link of requestresponselink to '$cbs' closed with error. - txEpd= txRef= cmRef= nodeRef= usrTx= rhsRef= commerce= country= 
com.microsoft.azure.servicebus.primitives.ServiceBusException: Error{condition=amqp:connection:forced, description='The connection was inactive for more than the allowed 300000 milliseconds and is closed by container 'LinkTracker'. TrackingId:e4f2017e726842a1b154a5462769ed7c_G8, SystemTracker:gateway7, Timestamp:2019-03-18T13:39:46', info=null}
	at com.microsoft.azure.servicebus.primitives.ExceptionUtil.toException(ExceptionUtil.java:113)
	at com.microsoft.azure.servicebus.primitives.RequestResponseLink$InternalSender.onClose(RequestResponseLink.java:837)
	at com.microsoft.azure.servicebus.amqp.BaseLinkHandler.processOnClose(BaseLinkHandler.java:68)
	at com.microsoft.azure.servicebus.amqp.BaseLinkHandler.onLinkRemoteClose(BaseLinkHandler.java:42)
	at org.apache.qpid.proton.engine.BaseHandler.handle(BaseHandler.java:176)
	at org.apache.qpid.proton.engine.impl.EventImpl.dispatch(EventImpl.java:108)
	at org.apache.qpid.proton.reactor.impl.ReactorImpl.dispatch(ReactorImpl.java:309)
	at org.apache.qpid.proton.reactor.impl.ReactorImpl.process(ReactorImpl.java:276)
	at com.microsoft.azure.servicebus.primitives.MessagingFactory$RunReactor.run(MessagingFactory.java:481)
	at java.lang.Thread.run(Thread.java:748)
2019-03-18 10:39:46  WARN - Completing all pending requests with exception in request response link to $cbs - txEpd= txRef= cmRef= nodeRef= usrTx= rhsRef= commerce= country= 
2019-03-18 10:39:46  WARN - Internal receive link of requestresponselink to '$cbs' closed with error. - txEpd= txRef= cmRef= nodeRef= usrTx= rhsRef= commerce= country= 
com.microsoft.azure.servicebus.primitives.ServiceBusException: Error{condition=amqp:connection:forced, description='The connection was inactive for more than the allowed 300000 milliseconds and is closed by container 'LinkTracker'. TrackingId:e4f2017e726842a1b154a5462769ed7c_G8, SystemTracker:gateway7, Timestamp:2019-03-18T13:39:46', info=null}
	at com.microsoft.azure.servicebus.primitives.ExceptionUtil.toException(ExceptionUtil.java:113)
	at com.microsoft.azure.servicebus.primitives.RequestResponseLink$InternalReceiver.onClose(RequestResponseLink.java:630)
	at com.microsoft.azure.servicebus.amqp.BaseLinkHandler.processOnClose(BaseLinkHandler.java:68)
	at com.microsoft.azure.servicebus.amqp.BaseLinkHandler.onLinkRemoteClose(BaseLinkHandler.java:42)
	at org.apache.qpid.proton.engine.BaseHandler.handle(BaseHandler.java:176)
	at org.apache.qpid.proton.engine.impl.EventImpl.dispatch(EventImpl.java:108)
	at org.apache.qpid.proton.reactor.impl.ReactorImpl.dispatch(ReactorImpl.java:309)
	at org.apache.qpid.proton.reactor.impl.ReactorImpl.process(ReactorImpl.java:276)
	at com.microsoft.azure.servicebus.primitives.MessagingFactory$RunReactor.run(MessagingFactory.java:481)
	at java.lang.Thread.run(Thread.java:748)
2019-03-18 10:39:46  WARN - Completing all pending requests with exception in request response link to $cbs - txEpd= txRef= cmRef= nodeRef= usrTx= rhsRef= commerce= country= 
2019-03-18 10:39:46 ERROR - Connection error. 'Error{condition=amqp:connection:forced, description='The connection was inactive for more than the allowed 300000 milliseconds and is closed by container 'LinkTracker'. TrackingId:e4f2017e726842a1b154a5462769ed7c_G8, SystemTracker:gateway7, Timestamp:2019-03-18T13:39:46', info=null}' - txEpd= txRef= cmRef= nodeRef= usrTx= rhsRef= commerce= country= 
2019-03-18 10:39:46  INFO - Closing connection to host - txEpd= txRef= cmRef= nodeRef= usrTx= rhsRef= commerce= country= 
2019-03-18 10:39:49  WARN - No messages received from 'tot-corp-orion-stockevent-storechanges-topic-mid/subscriptions/TOT-CORP-ORION-StockEvent-store-Subs-Topic-MID'. Pending receive request timed out. Returning null to the client. - txEpd= txRef= cmRef= nodeRef= usrTx= rhsRef= commerce= country= 
2019-03-18 10:40:49  WARN - No messages received from 'tot-corp-orion-stockevent-storechanges-topic-mid/subscriptions/TOT-CORP-ORION-StockEvent-store-Subs-Topic-MID'. Pending receive request timed out. Returning null to the client. - txEpd= txRef= cmRef= nodeRef= usrTx= rhsRef= commerce= country= 
2019-03-18 10:41:49  WARN - No messages received from 'tot-corp-orion-stockevent-storechanges-topic-mid/subscriptions/TOT-CORP-ORION-StockEvent-store-Subs-Topic-MID'. Pending receive request timed out. Returning null to the client. - txEpd= txRef= cmRef= nodeRef= usrTx= rhsRef= commerce= country= 
2019-03-18 10:42:49  WARN - No messages received from 'tot-corp-orion-stockevent-storechanges-topic-mid/subscriptions/TOT-CORP-ORION-StockEvent-store-Subs-Topic-MID'. Pending receive request timed out. Returning null to the client. - txEpd= txRef= cmRef= nodeRef= usrTx= rhsRef= commerce= country= 
2019-03-18 10:43:49  WARN - No messages received from 'tot-corp-orion-stockevent-storechanges-topic-mid/subscriptions/TOT-CORP-ORION-StockEvent-store-Subs-Topic-MID'. Pending receive request timed out. Returning null to the client. - txEpd= txRef= cmRef= nodeRef= usrTx= rhsRef= commerce= country= 
2019-03-18 10:44:49  WARN - No messages received from 'tot-corp-orion-stockevent-storechanges-topic-mid/subscriptions/TOT-CORP-ORION-StockEvent-store-Subs-Topic-MID'. Pending receive request timed out. Returning null to the client. - txEpd= txRef= cmRef= nodeRef= usrTx= rhsRef= commerce= country= 
2019-03-18 10:45:30  INFO - Application shutdown requested. - txEpd= txRef= cmRef= nodeRef= usrTx= rhsRef= commerce= country= 
2019-03-18 10:45:30  INFO - Shutting down ExecutorService 'applicationTaskExecutor' - txEpd= txRef= cmRef= nodeRef= usrTx= rhsRef= commerce= country= 
2019-03-18 10:45:30  INFO - Closing DocumentClient - txEpd= txRef= cmRef= nodeRef= usrTx= rhsRef= commerce= country= 
2019-03-18 10:45:30  WARN - Preferred location background task was interrupted - txEpd= txRef= cmRef= nodeRef= usrTx= rhsRef= commerce= country= 
